<?xml version="1.0" encoding="UTF-8"?>
<!-- Generated by org.testng.reporters.JUnitXMLReporter -->
<testsuite ignored="0" hostname="DESKTOP-3GSDB98" failures="0" tests="3" name="SalesForce Application Nucot" time="103.401" errors="0" timestamp="2023-05-30T20:43:10 IST">
  <testcase classname="runningdifferent.BaseTestExecution" name="@BeforeMethod setUp" time="103.289">
    <failure type="org.openqa.selenium.SessionNotCreatedException" message="Could not start a new session. Response code 500. Message: No connection could be made because the target machine actively refused it. (os error 10061) 
Host info: host: &amp;apos;DESKTOP-3GSDB98&amp;apos;, ip: &amp;apos;192.168.219.68&amp;apos;
Build info: version: &amp;apos;4.9.0&amp;apos;, revision: &amp;apos;d7057100a6&amp;apos;
System info: os.name: &amp;apos;Windows 10&amp;apos;, os.arch: &amp;apos;amd64&amp;apos;, os.version: &amp;apos;10.0&amp;apos;, java.version: &amp;apos;17.0.6&amp;apos;
Driver info: org.openqa.selenium.firefox.FirefoxDriver
Command: [null, newSession {capabilities=[Capabilities {acceptInsecureCerts: true, browserName: firefox, moz:debuggerAddress: true, moz:firefoxOptions: {}}]}]">
      <![CDATA[org.openqa.selenium.SessionNotCreatedException: Could not start a new session. Response code 500. Message: No connection could be made because the target machine actively refused it. (os error 10061) 
Host info: host: 'DESKTOP-3GSDB98', ip: '192.168.219.68'
Build info: version: '4.9.0', revision: 'd7057100a6'
System info: os.name: 'Windows 10', os.arch: 'amd64', os.version: '10.0', java.version: '17.0.6'
Driver info: org.openqa.selenium.firefox.FirefoxDriver
Command: [null, newSession {capabilities=[Capabilities {acceptInsecureCerts: true, browserName: firefox, moz:debuggerAddress: true, moz:firefoxOptions: {}}]}]
at org.openqa.selenium.remote.ProtocolHandshake.createSession(ProtocolHandshake.java:136)
at org.openqa.selenium.remote.ProtocolHandshake.createSession(ProtocolHandshake.java:94)
at org.openqa.selenium.remote.ProtocolHandshake.createSession(ProtocolHandshake.java:68)
at org.openqa.selenium.remote.HttpCommandExecutor.execute(HttpCommandExecutor.java:165)
at org.openqa.selenium.remote.service.DriverCommandExecutor.invokeExecute(DriverCommandExecutor.java:183)
at org.openqa.selenium.remote.service.DriverCommandExecutor.execute(DriverCommandExecutor.java:158)
at org.openqa.selenium.remote.RemoteWebDriver.execute(RemoteWebDriver.java:543)
at org.openqa.selenium.remote.RemoteWebDriver.startSession(RemoteWebDriver.java:229)
at org.openqa.selenium.remote.RemoteWebDriver.<init>(RemoteWebDriver.java:157)
at org.openqa.selenium.firefox.FirefoxDriver.<init>(FirefoxDriver.java:150)
at org.openqa.selenium.firefox.FirefoxDriver.<init>(FirefoxDriver.java:146)
at org.openqa.selenium.firefox.FirefoxDriver.<init>(FirefoxDriver.java:131)
at org.openqa.selenium.firefox.FirefoxDriver.<init>(FirefoxDriver.java:127)
at org.openqa.selenium.firefox.FirefoxDriver.<init>(FirefoxDriver.java:112)
at org.openqa.selenium.firefox.FirefoxDriver.<init>(FirefoxDriver.java:102)
at runningdifferent.BaseTestExecution.setUp(BaseTestExecution.java:26)
at java.base/java.util.ArrayList.forEach(ArrayList.java:1511)
... Removed 31 stack frames]]>
    </failure>
  </testcase> <!-- @BeforeMethod setUp -->
  <testcase classname="runningdifferent.BaseTestExecution" name="@AfterMethod closeBrwser" time="-1.685459590281E9">
    <skipped/>
  </testcase> <!-- @AfterMethod closeBrwser -->
  <testcase classname="runningdifferent.BaseTestExecution" name="@BeforeMethod setUp" time="-1.685459590287E9">
    <skipped/>
  </testcase> <!-- @BeforeMethod setUp -->
  <testcase classname="runningdifferent.BaseTestExecution" name="@AfterMethod closeBrwser" time="-1.6854595903E9">
    <skipped/>
  </testcase> <!-- @AfterMethod closeBrwser -->
  <testcase classname="runningdifferent.BaseTestExecution" name="@BeforeMethod setUp" time="-1.685459590306E9">
    <skipped/>
  </testcase> <!-- @BeforeMethod setUp -->
  <testcase classname="runningdifferent.BaseTestExecution" name="@AfterMethod closeBrwser" time="-1.685459590323E9">
    <skipped/>
  </testcase> <!-- @AfterMethod closeBrwser -->
  <testcase classname="runningdifferent.SmokeTestConcept" name="userLoginTest" time="0.0">
    <skipped/>
  </testcase> <!-- userLoginTest -->
  <testcase classname="runningdifferent.SmokeTestConcept" name="getTitlePage" time="0.0">
    <skipped/>
  </testcase> <!-- getTitlePage -->
  <testcase classname="runningdifferent.SmokeTestConcept" name="getCurrentUrlPage" time="0.0">
    <skipped/>
  </testcase> <!-- getCurrentUrlPage -->
</testsuite> <!-- SalesForce Application Nucot -->
